# JRE version: Java(TM) SE Runtime Environment (8.0_45-b14) (build 1.8.0_45-b14)
# Java VM: Java HotSpot(TM) 64-Bit Server VM (25.45-b02 mixed mode linux-amd64 compressed oops)
Heap:
 def new generation   total 314560K, used 34254K [0x00000000c0000000, 0x00000000d5550000, 0x00000000d5550000)
  eden space 279616K,   6% used [0x00000000c0000000, 0x00000000c12de038, 0x00000000d1110000)
  from space 34944K,  42% used [0x00000000d3330000, 0x00000000d41c58d8, 0x00000000d5550000)
  to   space 34944K,   0% used [0x00000000d1110000, 0x00000000d1110000, 0x00000000d3330000)
 tenured generation   total 699072K, used 47645K [0x00000000d5550000, 0x0000000100000000, 0x0000000100000000)
   the space 699072K,   6% used [0x00000000d5550000, 0x00000000d83d75a0, 0x00000000d83d7600, 0x0000000100000000)
 Metaspace       used 107667K, capacity 108493K, committed 108928K, reserved 1140736K
  class space    used 17948K, capacity 18204K, committed 18304K, reserved 1048576K
GC Heap History (10 events):
Event: 26,153 GC heap before
{Heap before GC invocations=2 (full 2):
 def new generation   total 314560K, used 279616K [0x00000000c0000000, 0x00000000d5550000, 0x00000000d5550000)
  eden space 279616K, 100% used [0x00000000c0000000, 0x00000000d1110000, 0x00000000d1110000)
  from space 34944K,   0% used [0x00000000d1110000, 0x00000000d1110000, 0x00000000d3330000)
  to   space 34944K,   0% used [0x00000000d3330000, 0x00000000d3330000, 0x00000000d5550000)
 tenured generation   total 699072K, used 28891K [0x00000000d5550000, 0x0000000100000000, 0x0000000100000000)
   the space 699072K,   4% used [0x00000000d5550000, 0x00000000d7186f10, 0x00000000d7187000, 0x0000000100000000)
 Metaspace       used 41767K, capacity 42258K, committed 42368K, reserved 1083392K
  class space    used 7852K, capacity 7973K, committed 8064K, reserved 1048576K
Event: 26,295 GC heap after
Heap after GC invocations=3 (full 2):
 def new generation   total 314560K, used 24278K [0x00000000c0000000, 0x00000000d5550000, 0x00000000d5550000)
  eden space 279616K,   0% used [0x00000000c0000000, 0x00000000c0000000, 0x00000000d1110000)
  from space 34944K,  69% used [0x00000000d3330000, 0x00000000d4ae58f0, 0x00000000d5550000)
  to   space 34944K,   0% used [0x00000000d1110000, 0x00000000d1110000, 0x00000000d3330000)
 tenured generation   total 699072K, used 28891K [0x00000000d5550000, 0x0000000100000000, 0x0000000100000000)
   the space 699072K,   4% used [0x00000000d5550000, 0x00000000d7186f10, 0x00000000d7187000, 0x0000000100000000)
 Metaspace       used 41767K, capacity 42258K, committed 42368K, reserved 1083392K
  class space    used 7852K, capacity 7973K, committed 8064K, reserved 1048576K
}
Event: 38,802 GC heap before
{Heap before GC invocations=3 (full 2):
 def new generation   total 314560K, used 234610K [0x00000000c0000000, 0x00000000d5550000, 0x00000000d5550000)
  eden space 279616K,  75% used [0x00000000c0000000, 0x00000000ccd672d8, 0x00000000d1110000)
  from space 34944K,  69% used [0x00000000d3330000, 0x00000000d4ae58f0, 0x00000000d5550000)
  to   space 34944K,   0% used [0x00000000d1110000, 0x00000000d1110000, 0x00000000d3330000)
 tenured generation   total 699072K, used 28891K [0x00000000d5550000, 0x0000000100000000, 0x0000000100000000)
   the space 699072K,   4% used [0x00000000d5550000, 0x00000000d7186f10, 0x00000000d7187000, 0x0000000100000000)
 Metaspace       used 58393K, capacity 58982K, committed 59136K, reserved 1097728K
  class space    used 10755K, capacity 10936K, committed 11008K, reserved 1048576K
Event: 39,324 GC heap after
Heap after GC invocations=4 (full 3):
 def new generation   total 314560K, used 0K [0x00000000c0000000, 0x00000000d5550000, 0x00000000d5550000)
  eden space 279616K,   0% used [0x00000000c0000000, 0x00000000c0000000, 0x00000000d1110000)
  from space 34944K,   0% used [0x00000000d3330000, 0x00000000d3330000, 0x00000000d5550000)
  to   space 34944K,   0% used [0x00000000d1110000, 0x00000000d1110000, 0x00000000d3330000)
 tenured generation   total 699072K, used 96203K [0x00000000d5550000, 0x0000000100000000, 0x0000000100000000)
   the space 699072K,  13% used [0x00000000d5550000, 0x00000000db342d58, 0x00000000db342e00, 0x0000000100000000)
 Metaspace       used 58393K, capacity 58982K, committed 59136K, reserved 1097728K
  class space    used 10755K, capacity 10936K, committed 11008K, reserved 1048576K
}
Event: 212,934 GC heap before
{Heap before GC invocations=4 (full 3):
 def new generation   total 314560K, used 279616K [0x00000000c0000000, 0x00000000d5550000, 0x00000000d5550000)
  eden space 279616K, 100% used [0x00000000c0000000, 0x00000000d1110000, 0x00000000d1110000)
  from space 34944K,   0% used [0x00000000d3330000, 0x00000000d3330000, 0x00000000d5550000)
  to   space 34944K,   0% used [0x00000000d1110000, 0x00000000d1110000, 0x00000000d3330000)
 tenured generation   total 699072K, used 96203K [0x00000000d5550000, 0x0000000100000000, 0x0000000100000000)
   the space 699072K,  13% used [0x00000000d5550000, 0x00000000db342d58, 0x00000000db342e00, 0x0000000100000000)
 Metaspace       used 90822K, capacity 91549K, committed 92032K, reserved 1126400K
  class space    used 15497K, capacity 15704K, committed 15744K, reserved 1048576K
Event: 213,212 GC heap after
Heap after GC invocations=5 (full 3):
 def new generation   total 314560K, used 34944K [0x00000000c0000000, 0x00000000d5550000, 0x00000000d5550000)
  eden space 279616K,   0% used [0x00000000c0000000, 0x00000000c0000000, 0x00000000d1110000)
  from space 34944K, 100% used [0x00000000d1110000, 0x00000000d3330000, 0x00000000d3330000)
  to   space 34944K,   0% used [0x00000000d3330000, 0x00000000d3330000, 0x00000000d5550000)
 tenured generation   total 699072K, used 111152K [0x00000000d5550000, 0x0000000100000000, 0x0000000100000000)
   the space 699072K,  15% used [0x00000000d5550000, 0x00000000dc1dc250, 0x00000000dc1dc400, 0x0000000100000000)
 Metaspace       used 90822K, capacity 91549K, committed 92032K, reserved 1126400K
  class space    used 15497K, capacity 15704K, committed 15744K, reserved 1048576K
}
Event: 740,721 GC heap before
{Heap before GC invocations=5 (full 3):
 def new generation   total 314560K, used 155854K [0x00000000c0000000, 0x00000000d5550000, 0x00000000d5550000)
  eden space 279616K,  43% used [0x00000000c0000000, 0x00000000c7613be0, 0x00000000d1110000)
  from space 34944K, 100% used [0x00000000d1110000, 0x00000000d3330000, 0x00000000d3330000)
  to   space 34944K,   0% used [0x00000000d3330000, 0x00000000d3330000, 0x00000000d5550000)
 tenured generation   total 699072K, used 111152K [0x00000000d5550000, 0x0000000100000000, 0x0000000100000000)
   the space 699072K,  15% used [0x00000000d5550000, 0x00000000dc1dc250, 0x00000000dc1dc400, 0x0000000100000000)
 Metaspace       used 97460K, capacity 98287K, committed 98560K, reserved 1130496K
  class space    used 16607K, capacity 16841K, committed 16896K, reserved 1048576K
Event: 741,231 GC heap after
Heap after GC invocations=6 (full 4):
 def new generation   total 314560K, used 0K [0x00000000c0000000, 0x00000000d5550000, 0x00000000d5550000)
  eden space 279616K,   0% used [0x00000000c0000000, 0x00000000c0000000, 0x00000000d1110000)
  from space 34944K,   0% used [0x00000000d1110000, 0x00000000d1110000, 0x00000000d3330000)
  to   space 34944K,   0% used [0x00000000d3330000, 0x00000000d3330000, 0x00000000d5550000)
 tenured generation   total 699072K, used 47645K [0x00000000d5550000, 0x0000000100000000, 0x0000000100000000)
   the space 699072K,   6% used [0x00000000d5550000, 0x00000000d83d75a0, 0x00000000d83d7600, 0x0000000100000000)
 Metaspace       used 96896K, capacity 97685K, committed 98560K, reserved 1130496K
  class space    used 16424K, capacity 16643K, committed 16896K, reserved 1048576K
}
Event: 2835,432 GC heap before
{Heap before GC invocations=6 (full 4):
 def new generation   total 314560K, used 279616K [0x00000000c0000000, 0x00000000d5550000, 0x00000000d5550000)
  eden space 279616K, 100% used [0x00000000c0000000, 0x00000000d1110000, 0x00000000d1110000)
  from space 34944K,   0% used [0x00000000d1110000, 0x00000000d1110000, 0x00000000d3330000)
  to   space 34944K,   0% used [0x00000000d3330000, 0x00000000d3330000, 0x00000000d5550000)
 tenured generation   total 699072K, used 47645K [0x00000000d5550000, 0x0000000100000000, 0x0000000100000000)
   the space 699072K,   6% used [0x00000000d5550000, 0x00000000d83d75a0, 0x00000000d83d7600, 0x0000000100000000)
 Metaspace       used 107087K, capacity 107981K, committed 108288K, reserved 1138688K
  class space    used 17878K, capacity 18140K, committed 18176K, reserved 1048576K
Event: 2835,482 GC heap after
Heap after GC invocations=7 (full 4):
 def new generation   total 314560K, used 14934K [0x00000000c0000000, 0x00000000d5550000, 0x00000000d5550000)
  eden space 279616K,   0% used [0x00000000c0000000, 0x00000000c0000000, 0x00000000d1110000)
  from space 34944K,  42% used [0x00000000d3330000, 0x00000000d41c58d8, 0x00000000d5550000)
  to   space 34944K,   0% used [0x00000000d1110000, 0x00000000d1110000, 0x00000000d3330000)
 tenured generation   total 699072K, used 47645K [0x00000000d5550000, 0x0000000100000000, 0x0000000100000000)
   the space 699072K,   6% used [0x00000000d5550000, 0x00000000d83d75a0, 0x00000000d83d7600, 0x0000000100000000)
 Metaspace       used 107087K, capacity 107981K, committed 108288K, reserved 1138688K
  class space    used 17878K, capacity 18140K, committed 18176K, reserved 1048576K
}

