# JRE version: Java(TM) SE Runtime Environment (8.0_45-b14) (build 1.8.0_45-b14)
# Java VM: Java HotSpot(TM) 64-Bit Server VM (25.45-b02 mixed mode linux-amd64 compressed oops)
Heap:
 def new generation   total 314560K, used 178644K [0x00000000c0000000, 0x00000000d5550000, 0x00000000d5550000)
  eden space 279616K,  51% used [0x00000000c0000000, 0x00000000c8c553a0, 0x00000000d1110000)
  from space 34944K, 100% used [0x00000000d3330000, 0x00000000d5550000, 0x00000000d5550000)
  to   space 34944K,   0% used [0x00000000d1110000, 0x00000000d1110000, 0x00000000d3330000)
 tenured generation   total 699072K, used 121757K [0x00000000d5550000, 0x0000000100000000, 0x0000000100000000)
   the space 699072K,  17% used [0x00000000d5550000, 0x00000000dcc374d8, 0x00000000dcc37600, 0x0000000100000000)
 Metaspace       used 156613K, capacity 158701K, committed 158848K, reserved 1181696K
  class space    used 26151K, capacity 26687K, committed 26752K, reserved 1048576K
GC Heap History (10 events):
Event: 8911,282 GC heap before
{Heap before GC invocations=10 (full 4):
 def new generation   total 314560K, used 295989K [0x00000000c0000000, 0x00000000d5550000, 0x00000000d5550000)
  eden space 279616K, 100% used [0x00000000c0000000, 0x00000000d1110000, 0x00000000d1110000)
  from space 34944K,  46% used [0x00000000d1110000, 0x00000000d210d438, 0x00000000d3330000)
  to   space 34944K,   0% used [0x00000000d3330000, 0x00000000d3330000, 0x00000000d5550000)
 tenured generation   total 699072K, used 89507K [0x00000000d5550000, 0x0000000100000000, 0x0000000100000000)
   the space 699072K,  12% used [0x00000000d5550000, 0x00000000dacb8e98, 0x00000000dacb9000, 0x0000000100000000)
 Metaspace       used 128410K, capacity 129829K, committed 129920K, reserved 1157120K
  class space    used 21524K, capacity 21876K, committed 21888K, reserved 1048576K
Event: 8911,328 GC heap after
Heap after GC invocations=11 (full 4):
 def new generation   total 314560K, used 17353K [0x00000000c0000000, 0x00000000d5550000, 0x00000000d5550000)
  eden space 279616K,   0% used [0x00000000c0000000, 0x00000000c0000000, 0x00000000d1110000)
  from space 34944K,  49% used [0x00000000d3330000, 0x00000000d44224a8, 0x00000000d5550000)
  to   space 34944K,   0% used [0x00000000d1110000, 0x00000000d1110000, 0x00000000d3330000)
 tenured generation   total 699072K, used 89507K [0x00000000d5550000, 0x0000000100000000, 0x0000000100000000)
   the space 699072K,  12% used [0x00000000d5550000, 0x00000000dacb8e98, 0x00000000dacb9000, 0x0000000100000000)
 Metaspace       used 128410K, capacity 129829K, committed 129920K, reserved 1157120K
  class space    used 21524K, capacity 21876K, committed 21888K, reserved 1048576K
}
Event: 13821,703 GC heap before
{Heap before GC invocations=11 (full 4):
 def new generation   total 314560K, used 296969K [0x00000000c0000000, 0x00000000d5550000, 0x00000000d5550000)
  eden space 279616K, 100% used [0x00000000c0000000, 0x00000000d1110000, 0x00000000d1110000)
  from space 34944K,  49% used [0x00000000d3330000, 0x00000000d44224a8, 0x00000000d5550000)
  to   space 34944K,   0% used [0x00000000d1110000, 0x00000000d1110000, 0x00000000d3330000)
 tenured generation   total 699072K, used 89507K [0x00000000d5550000, 0x0000000100000000, 0x0000000100000000)
   the space 699072K,  12% used [0x00000000d5550000, 0x00000000dacb8e98, 0x00000000dacb9000, 0x0000000100000000)
 Metaspace       used 136685K, capacity 138353K, committed 138624K, reserved 1165312K
  class space    used 22897K, capacity 23346K, committed 23424K, reserved 1048576K
Event: 13821,832 GC heap after
Heap after GC invocations=12 (full 4):
 def new generation   total 314560K, used 26623K [0x00000000c0000000, 0x00000000d5550000, 0x00000000d5550000)
  eden space 279616K,   0% used [0x00000000c0000000, 0x00000000c0000000, 0x00000000d1110000)
  from space 34944K,  76% used [0x00000000d1110000, 0x00000000d2b0fd10, 0x00000000d3330000)
  to   space 34944K,   0% used [0x00000000d3330000, 0x00000000d3330000, 0x00000000d5550000)
 tenured generation   total 699072K, used 89507K [0x00000000d5550000, 0x0000000100000000, 0x0000000100000000)
   the space 699072K,  12% used [0x00000000d5550000, 0x00000000dacb8e98, 0x00000000dacb9000, 0x0000000100000000)
 Metaspace       used 136685K, capacity 138353K, committed 138624K, reserved 1165312K
  class space    used 22897K, capacity 23346K, committed 23424K, reserved 1048576K
}
Event: 14852,588 GC heap before
{Heap before GC invocations=12 (full 4):
 def new generation   total 314560K, used 306239K [0x00000000c0000000, 0x00000000d5550000, 0x00000000d5550000)
  eden space 279616K, 100% used [0x00000000c0000000, 0x00000000d1110000, 0x00000000d1110000)
  from space 34944K,  76% used [0x00000000d1110000, 0x00000000d2b0fd10, 0x00000000d3330000)
  to   space 34944K,   0% used [0x00000000d3330000, 0x00000000d3330000, 0x00000000d5550000)
 tenured generation   total 699072K, used 89507K [0x00000000d5550000, 0x0000000100000000, 0x0000000100000000)
   the space 699072K,  12% used [0x00000000d5550000, 0x00000000dacb8e98, 0x00000000dacb9000, 0x0000000100000000)
 Metaspace       used 143892K, capacity 145775K, committed 145920K, reserved 1171456K
  class space    used 24080K, capacity 24556K, committed 24576K, reserved 1048576K
Event: 14852,785 GC heap after
Heap after GC invocations=13 (full 4):
 def new generation   total 314560K, used 26216K [0x00000000c0000000, 0x00000000d5550000, 0x00000000d5550000)
  eden space 279616K,   0% used [0x00000000c0000000, 0x00000000c0000000, 0x00000000d1110000)
  from space 34944K,  75% used [0x00000000d3330000, 0x00000000d4cca3d8, 0x00000000d5550000)
  to   space 34944K,   0% used [0x00000000d1110000, 0x00000000d1110000, 0x00000000d3330000)
 tenured generation   total 699072K, used 101066K [0x00000000d5550000, 0x0000000100000000, 0x0000000100000000)
   the space 699072K,  14% used [0x00000000d5550000, 0x00000000db802b30, 0x00000000db802c00, 0x0000000100000000)
 Metaspace       used 143892K, capacity 145775K, committed 145920K, reserved 1171456K
  class space    used 24080K, capacity 24556K, committed 24576K, reserved 1048576K
}
Event: 16387,337 GC heap before
{Heap before GC invocations=13 (full 4):
 def new generation   total 314560K, used 305832K [0x00000000c0000000, 0x00000000d5550000, 0x00000000d5550000)
  eden space 279616K, 100% used [0x00000000c0000000, 0x00000000d1110000, 0x00000000d1110000)
  from space 34944K,  75% used [0x00000000d3330000, 0x00000000d4cca3d8, 0x00000000d5550000)
  to   space 34944K,   0% used [0x00000000d1110000, 0x00000000d1110000, 0x00000000d3330000)
 tenured generation   total 699072K, used 101066K [0x00000000d5550000, 0x0000000100000000, 0x0000000100000000)
   the space 699072K,  14% used [0x00000000d5550000, 0x00000000db802b30, 0x00000000db802c00, 0x0000000100000000)
 Metaspace       used 148799K, capacity 150727K, committed 150912K, reserved 1175552K
  class space    used 24862K, capacity 25376K, committed 25472K, reserved 1048576K
Event: 16387,473 GC heap after
Heap after GC invocations=14 (full 4):
 def new generation   total 314560K, used 30394K [0x00000000c0000000, 0x00000000d5550000, 0x00000000d5550000)
  eden space 279616K,   0% used [0x00000000c0000000, 0x00000000c0000000, 0x00000000d1110000)
  from space 34944K,  86% used [0x00000000d1110000, 0x00000000d2ebe828, 0x00000000d3330000)
  to   space 34944K,   0% used [0x00000000d3330000, 0x00000000d3330000, 0x00000000d5550000)
 tenured generation   total 699072K, used 105796K [0x00000000d5550000, 0x0000000100000000, 0x0000000100000000)
   the space 699072K,  15% used [0x00000000d5550000, 0x00000000dbca1038, 0x00000000dbca1200, 0x0000000100000000)
 Metaspace       used 148799K, capacity 150727K, committed 150912K, reserved 1175552K
  class space    used 24862K, capacity 25376K, committed 25472K, reserved 1048576K
}
Event: 16397,804 GC heap before
{Heap before GC invocations=14 (full 4):
 def new generation   total 314560K, used 310010K [0x00000000c0000000, 0x00000000d5550000, 0x00000000d5550000)
  eden space 279616K, 100% used [0x00000000c0000000, 0x00000000d1110000, 0x00000000d1110000)
  from space 34944K,  86% used [0x00000000d1110000, 0x00000000d2ebe828, 0x00000000d3330000)
  to   space 34944K,   0% used [0x00000000d3330000, 0x00000000d3330000, 0x00000000d5550000)
 tenured generation   total 699072K, used 105796K [0x00000000d5550000, 0x0000000100000000, 0x0000000100000000)
   the space 699072K,  15% used [0x00000000d5550000, 0x00000000dbca1038, 0x00000000dbca1200, 0x0000000100000000)
 Metaspace       used 150160K, capacity 152203K, committed 152448K, reserved 1175552K
  class space    used 25140K, capacity 25676K, committed 25728K, reserved 1048576K
Event: 16398,091 GC heap after
Heap after GC invocations=15 (full 4):
 def new generation   total 314560K, used 34944K [0x00000000c0000000, 0x00000000d5550000, 0x00000000d5550000)
  eden space 279616K,   0% used [0x00000000c0000000, 0x00000000c0000000, 0x00000000d1110000)
  from space 34944K, 100% used [0x00000000d3330000, 0x00000000d5550000, 0x00000000d5550000)
  to   space 34944K,   0% used [0x00000000d1110000, 0x00000000d1110000, 0x00000000d3330000)
 tenured generation   total 699072K, used 121757K [0x00000000d5550000, 0x0000000100000000, 0x0000000100000000)
   the space 699072K,  17% used [0x00000000d5550000, 0x00000000dcc374d8, 0x00000000dcc37600, 0x0000000100000000)
 Metaspace       used 150160K, capacity 152203K, committed 152448K, reserved 1175552K
  class space    used 25140K, capacity 25676K, committed 25728K, reserved 1048576K
}

