# JRE version: Java(TM) SE Runtime Environment (8.0_45-b14) (build 1.8.0_45-b14)
# Java VM: Java HotSpot(TM) 64-Bit Server VM (25.45-b02 mixed mode linux-amd64 compressed oops)
Heap:
 def new generation   total 314560K, used 97657K [0x00000000c0000000, 0x00000000d5550000, 0x00000000d5550000)
  eden space 279616K,  34% used [0x00000000c0000000, 0x00000000c5f5e748, 0x00000000d1110000)
  from space 34944K,   0% used [0x00000000d3330000, 0x00000000d3330000, 0x00000000d5550000)
  to   space 34944K,   0% used [0x00000000d1110000, 0x00000000d1110000, 0x00000000d3330000)
 tenured generation   total 699072K, used 699072K [0x00000000d5550000, 0x0000000100000000, 0x0000000100000000)
   the space 699072K, 100% used [0x00000000d5550000, 0x0000000100000000, 0x0000000100000000, 0x0000000100000000)
 Metaspace       used 157597K, capacity 158957K, committed 165292K, reserved 1185792K
  class space    used 25588K, capacity 26011K, committed 28160K, reserved 1048576K
GC Heap History (10 events):
Event: 7518,362 GC heap before
{Heap before GC invocations=21 (full 5):
 def new generation   total 314560K, used 314560K [0x00000000c0000000, 0x00000000d5550000, 0x00000000d5550000)
  eden space 279616K, 100% used [0x00000000c0000000, 0x00000000d1110000, 0x00000000d1110000)
  from space 34944K, 100% used [0x00000000d1110000, 0x00000000d3330000, 0x00000000d3330000)
  to   space 34944K,   0% used [0x00000000d3330000, 0x00000000d3330000, 0x00000000d5550000)
 tenured generation   total 699072K, used 541651K [0x00000000d5550000, 0x0000000100000000, 0x0000000100000000)
   the space 699072K,  77% used [0x00000000d5550000, 0x00000000f6644e48, 0x00000000f6645000, 0x0000000100000000)
 Metaspace       used 162731K, capacity 164541K, committed 165292K, reserved 1185792K
  class space    used 27239K, capacity 27785K, committed 28160K, reserved 1048576K
Event: 7527,833 GC heap after
Heap after GC invocations=22 (full 6):
 def new generation   total 314560K, used 0K [0x00000000c0000000, 0x00000000d5550000, 0x00000000d5550000)
  eden space 279616K,   0% used [0x00000000c0000000, 0x00000000c0000000, 0x00000000d1110000)
  from space 34944K,   0% used [0x00000000d3330000, 0x00000000d3330000, 0x00000000d5550000)
  to   space 34944K,   0% used [0x00000000d1110000, 0x00000000d1110000, 0x00000000d3330000)
 tenured generation   total 699072K, used 592062K [0x00000000d5550000, 0x0000000100000000, 0x0000000100000000)
   the space 699072K,  84% used [0x00000000d5550000, 0x00000000f977f930, 0x00000000f977fa00, 0x0000000100000000)
 Metaspace       used 157691K, capacity 159177K, committed 165292K, reserved 1185792K
  class space    used 25599K, capacity 26021K, committed 28160K, reserved 1048576K
}
Event: 7535,312 GC heap before
{Heap before GC invocations=22 (full 6):
 def new generation   total 314560K, used 279616K [0x00000000c0000000, 0x00000000d5550000, 0x00000000d5550000)
  eden space 279616K, 100% used [0x00000000c0000000, 0x00000000d1110000, 0x00000000d1110000)
  from space 34944K,   0% used [0x00000000d3330000, 0x00000000d3330000, 0x00000000d5550000)
  to   space 34944K,   0% used [0x00000000d1110000, 0x00000000d1110000, 0x00000000d3330000)
 tenured generation   total 699072K, used 592062K [0x00000000d5550000, 0x0000000100000000, 0x0000000100000000)
   the space 699072K,  84% used [0x00000000d5550000, 0x00000000f977f930, 0x00000000f977fa00, 0x0000000100000000)
 Metaspace       used 157691K, capacity 159177K, committed 165292K, reserved 1185792K
  class space    used 25599K, capacity 26021K, committed 28160K, reserved 1048576K
Event: 7557,973 GC heap after
Heap after GC invocations=23 (full 7):
 def new generation   total 314560K, used 0K [0x00000000c0000000, 0x00000000d5550000, 0x00000000d5550000)
  eden space 279616K,   0% used [0x00000000c0000000, 0x00000000c0000000, 0x00000000d1110000)
  from space 34944K,   0% used [0x00000000d3330000, 0x00000000d3330000, 0x00000000d5550000)
  to   space 34944K,   0% used [0x00000000d1110000, 0x00000000d1110000, 0x00000000d3330000)
 tenured generation   total 699072K, used 697841K [0x00000000d5550000, 0x0000000100000000, 0x0000000100000000)
   the space 699072K,  99% used [0x00000000d5550000, 0x00000000ffecc4b0, 0x00000000ffecc600, 0x0000000100000000)
 Metaspace       used 157684K, capacity 159159K, committed 165292K, reserved 1185792K
  class space    used 25597K, capacity 26018K, committed 28160K, reserved 1048576K
}
Event: 7564,922 GC heap before
{Heap before GC invocations=23 (full 7):
 def new generation   total 314560K, used 279616K [0x00000000c0000000, 0x00000000d5550000, 0x00000000d5550000)
  eden space 279616K, 100% used [0x00000000c0000000, 0x00000000d1110000, 0x00000000d1110000)
  from space 34944K,   0% used [0x00000000d3330000, 0x00000000d3330000, 0x00000000d5550000)
  to   space 34944K,   0% used [0x00000000d1110000, 0x00000000d1110000, 0x00000000d3330000)
 tenured generation   total 699072K, used 697841K [0x00000000d5550000, 0x0000000100000000, 0x0000000100000000)
   the space 699072K,  99% used [0x00000000d5550000, 0x00000000ffecc4b0, 0x00000000ffecc600, 0x0000000100000000)
 Metaspace       used 157684K, capacity 159159K, committed 165292K, reserved 1185792K
  class space    used 25597K, capacity 26018K, committed 28160K, reserved 1048576K
Event: 7587,920 GC heap after
Heap after GC invocations=24 (full 8):
 def new generation   total 314560K, used 75855K [0x00000000c0000000, 0x00000000d5550000, 0x00000000d5550000)
  eden space 279616K,  27% used [0x00000000c0000000, 0x00000000c4a13c90, 0x00000000d1110000)
  from space 34944K,   0% used [0x00000000d3330000, 0x00000000d3330000, 0x00000000d5550000)
  to   space 34944K,   0% used [0x00000000d1110000, 0x00000000d1110000, 0x00000000d3330000)
 tenured generation   total 699072K, used 699071K [0x00000000d5550000, 0x0000000100000000, 0x0000000100000000)
   the space 699072K,  99% used [0x00000000d5550000, 0x00000000fffffff8, 0x0000000100000000, 0x0000000100000000)
 Metaspace       used 157684K, capacity 159159K, committed 165292K, reserved 1185792K
  class space    used 25597K, capacity 26018K, committed 28160K, reserved 1048576K
}
Event: 7588,821 GC heap before
{Heap before GC invocations=24 (full 8):
 def new generation   total 314560K, used 91633K [0x00000000c0000000, 0x00000000d5550000, 0x00000000d5550000)
  eden space 279616K,  32% used [0x00000000c0000000, 0x00000000c597c5d8, 0x00000000d1110000)
  from space 34944K,   0% used [0x00000000d3330000, 0x00000000d3330000, 0x00000000d5550000)
  to   space 34944K,   0% used [0x00000000d1110000, 0x00000000d1110000, 0x00000000d3330000)
 tenured generation   total 699072K, used 699071K [0x00000000d5550000, 0x0000000100000000, 0x0000000100000000)
   the space 699072K,  99% used [0x00000000d5550000, 0x00000000fffffff8, 0x0000000100000000, 0x0000000100000000)
 Metaspace       used 157684K, capacity 159159K, committed 165292K, reserved 1185792K
  class space    used 25597K, capacity 26018K, committed 28160K, reserved 1048576K
Event: 7604,238 GC heap after
Heap after GC invocations=25 (full 9):
 def new generation   total 314560K, used 81315K [0x00000000c0000000, 0x00000000d5550000, 0x00000000d5550000)
  eden space 279616K,  29% used [0x00000000c0000000, 0x00000000c4f68e50, 0x00000000d1110000)
  from space 34944K,   0% used [0x00000000d3330000, 0x00000000d3330000, 0x00000000d5550000)
  to   space 34944K,   0% used [0x00000000d1110000, 0x00000000d1110000, 0x00000000d3330000)
 tenured generation   total 699072K, used 699071K [0x00000000d5550000, 0x0000000100000000, 0x0000000100000000)
   the space 699072K,  99% used [0x00000000d5550000, 0x00000000fffffff8, 0x0000000100000000, 0x0000000100000000)
 Metaspace       used 157684K, capacity 159159K, committed 165292K, reserved 1185792K
  class space    used 25597K, capacity 26018K, committed 28160K, reserved 1048576K
}
Event: 7604,238 GC heap before
{Heap before GC invocations=25 (full 9):
 def new generation   total 314560K, used 81315K [0x00000000c0000000, 0x00000000d5550000, 0x00000000d5550000)
  eden space 279616K,  29% used [0x00000000c0000000, 0x00000000c4f68e50, 0x00000000d1110000)
  from space 34944K,   0% used [0x00000000d3330000, 0x00000000d3330000, 0x00000000d5550000)
  to   space 34944K,   0% used [0x00000000d1110000, 0x00000000d1110000, 0x00000000d3330000)
 tenured generation   total 699072K, used 699071K [0x00000000d5550000, 0x0000000100000000, 0x0000000100000000)
   the space 699072K,  99% used [0x00000000d5550000, 0x00000000fffffff8, 0x0000000100000000, 0x0000000100000000)
 Metaspace       used 157684K, capacity 159159K, committed 165292K, reserved 1185792K
  class space    used 25597K, capacity 26018K, committed 28160K, reserved 1048576K
Event: 7619,476 GC heap after
Heap after GC invocations=26 (full 10):
 def new generation   total 314560K, used 80941K [0x00000000c0000000, 0x00000000d5550000, 0x00000000d5550000)
  eden space 279616K,  28% used [0x00000000c0000000, 0x00000000c4f0b710, 0x00000000d1110000)
  from space 34944K,   0% used [0x00000000d3330000, 0x00000000d3330000, 0x00000000d5550000)
  to   space 34944K,   0% used [0x00000000d1110000, 0x00000000d1110000, 0x00000000d3330000)
 tenured generation   total 699072K, used 699072K [0x00000000d5550000, 0x0000000100000000, 0x0000000100000000)
   the space 699072K, 100% used [0x00000000d5550000, 0x0000000100000000, 0x0000000100000000, 0x0000000100000000)
 Metaspace       used 157544K, capacity 158925K, committed 165292K, reserved 1185792K
  class space    used 25575K, capacity 25979K, committed 28160K, reserved 1048576K
}

