[0m[[0minfo[0m] [0m[32mStep5_PrimaryPersistenceSpec:[0m[0m
[0m[[0minfo[0m] [0m[31m- case1: Primary does not acknowledge updates which have not been persisted *** FAILED ***[0m[0m
[0m[[0minfo[0m] [0m[31m  java.lang.AssertionError: assertion failed: timeout (3 seconds) during expectMsg while waiting for Join[0m[0m
[0m[[0minfo[0m] [0m[31m  at scala.Predef$.assert(Predef.scala:165)[0m[0m
[0m[[0minfo[0m] [0m[31m  at akka.testkit.TestKitBase$class.expectMsg_internal(TestKit.scala:338)[0m[0m
[0m[[0minfo[0m] [0m[31m  at akka.testkit.TestKitBase$class.expectMsg(TestKit.scala:315)[0m[0m
[0m[[0minfo[0m] [0m[31m  at akka.testkit.TestKit.expectMsg(TestKit.scala:718)[0m[0m
[0m[[0minfo[0m] [0m[31m  at kvstore.Step5_PrimaryPersistenceSpec$$anonfun$1.apply$mcV$sp(Step5_PrimaryPersistenceSpec.scala:34)[0m[0m
[0m[[0minfo[0m] [0m[31m  at kvstore.Step5_PrimaryPersistenceSpec$$anonfun$1.apply(Step5_PrimaryPersistenceSpec.scala:28)[0m[0m
[0m[[0minfo[0m] [0m[31m  at kvstore.Step5_PrimaryPersistenceSpec$$anonfun$1.apply(Step5_PrimaryPersistenceSpec.scala:28)[0m[0m
[0m[[0minfo[0m] [0m[31m  at org.scalatest.Transformer$$anonfun$apply$1.apply$mcV$sp(Transformer.scala:22)[0m[0m
[0m[[0minfo[0m] [0m[31m  at org.scalatest.OutcomeOf$class.outcomeOf(OutcomeOf.scala:85)[0m[0m
[0m[[0minfo[0m] [0m[31m  at org.scalatest.OutcomeOf$.outcomeOf(OutcomeOf.scala:104)[0m[0m
[0m[[0minfo[0m] [0m[31m  ...[0m[0m
[0m[[0minfo[0m] [0m[31m- case2: Primary retries persistence every 100 milliseconds *** FAILED ***[0m[0m
[0m[[0minfo[0m] [0m[31m  java.lang.AssertionError: assertion failed: timeout (3 seconds) during expectMsg while waiting for Join[0m[0m
[0m[[0minfo[0m] [0m[31m  at scala.Predef$.assert(Predef.scala:165)[0m[0m
[0m[[0minfo[0m] [0m[31m  at akka.testkit.TestKitBase$class.expectMsg_internal(TestKit.scala:338)[0m[0m
[0m[[0minfo[0m] [0m[31m  at akka.testkit.TestKitBase$class.expectMsg(TestKit.scala:315)[0m[0m
[0m[[0minfo[0m] [0m[31m  at akka.testkit.TestKit.expectMsg(TestKit.scala:718)[0m[0m
[0m[[0minfo[0m] [0m[31m  at kvstore.Step5_PrimaryPersistenceSpec$$anonfun$2.apply$mcV$sp(Step5_PrimaryPersistenceSpec.scala:53)[0m[0m
[0m[[0minfo[0m] [0m[31m  at kvstore.Step5_PrimaryPersistenceSpec$$anonfun$2.apply(Step5_PrimaryPersistenceSpec.scala:47)[0m[0m
[0m[[0minfo[0m] [0m[31m  at kvstore.Step5_PrimaryPersistenceSpec$$anonfun$2.apply(Step5_PrimaryPersistenceSpec.scala:47)[0m[0m
[0m[[0minfo[0m] [0m[31m  at org.scalatest.Transformer$$anonfun$apply$1.apply$mcV$sp(Transformer.scala:22)[0m[0m
[0m[[0minfo[0m] [0m[31m  at org.scalatest.OutcomeOf$class.outcomeOf(OutcomeOf.scala:85)[0m[0m
[0m[[0minfo[0m] [0m[31m  at org.scalatest.OutcomeOf$.outcomeOf(OutcomeOf.scala:104)[0m[0m
[0m[[0minfo[0m] [0m[31m  ...[0m[0m
[0m[[0minfo[0m] [0m[31m- case3: Primary generates failure after 1 second if persistence fails *** FAILED ***[0m[0m
[0m[[0minfo[0m] [0m[31m  java.lang.AssertionError: assertion failed: timeout (3 seconds) during expectMsg while waiting for Join[0m[0m
[0m[[0minfo[0m] [0m[31m  at scala.Predef$.assert(Predef.scala:165)[0m[0m
[0m[[0minfo[0m] [0m[31m  at akka.testkit.TestKitBase$class.expectMsg_internal(TestKit.scala:338)[0m[0m
[0m[[0minfo[0m] [0m[31m  at akka.testkit.TestKitBase$class.expectMsg(TestKit.scala:315)[0m[0m
[0m[[0minfo[0m] [0m[31m  at akka.testkit.TestKit.expectMsg(TestKit.scala:718)[0m[0m
[0m[[0minfo[0m] [0m[31m  at kvstore.Step5_PrimaryPersistenceSpec$$anonfun$3.apply$mcV$sp(Step5_PrimaryPersistenceSpec.scala:75)[0m[0m
[0m[[0minfo[0m] [0m[31m  at kvstore.Step5_PrimaryPersistenceSpec$$anonfun$3.apply(Step5_PrimaryPersistenceSpec.scala:69)[0m[0m
[0m[[0minfo[0m] [0m[31m  at kvstore.Step5_PrimaryPersistenceSpec$$anonfun$3.apply(Step5_PrimaryPersistenceSpec.scala:69)[0m[0m
[0m[[0minfo[0m] [0m[31m  at org.scalatest.Transformer$$anonfun$apply$1.apply$mcV$sp(Transformer.scala:22)[0m[0m
[0m[[0minfo[0m] [0m[31m  at org.scalatest.OutcomeOf$class.outcomeOf(OutcomeOf.scala:85)[0m[0m
[0m[[0minfo[0m] [0m[31m  at org.scalatest.OutcomeOf$.outcomeOf(OutcomeOf.scala:104)[0m[0m
[0m[[0minfo[0m] [0m[31m  ...[0m[0m
[0m[[0minfo[0m] [0m[31m- case4: Primary generates failure after 1 second if global acknowledgement fails *** FAILED ***[0m[0m
[0m[[0minfo[0m] [0m[31m  java.lang.AssertionError: assertion failed: timeout (3 seconds) during expectMsg while waiting for Join[0m[0m
[0m[[0minfo[0m] [0m[31m  at scala.Predef$.assert(Predef.scala:165)[0m[0m
[0m[[0minfo[0m] [0m[31m  at akka.testkit.TestKitBase$class.expectMsg_internal(TestKit.scala:338)[0m[0m
[0m[[0minfo[0m] [0m[31m  at akka.testkit.TestKitBase$class.expectMsg(TestKit.scala:315)[0m[0m
[0m[[0minfo[0m] [0m[31m  at akka.testkit.TestKit.expectMsg(TestKit.scala:718)[0m[0m
[0m[[0minfo[0m] [0m[31m  at kvstore.Step5_PrimaryPersistenceSpec$$anonfun$4.apply$mcV$sp(Step5_PrimaryPersistenceSpec.scala:91)[0m[0m
[0m[[0minfo[0m] [0m[31m  at kvstore.Step5_PrimaryPersistenceSpec$$anonfun$4.apply(Step5_PrimaryPersistenceSpec.scala:84)[0m[0m
[0m[[0minfo[0m] [0m[31m  at kvstore.Step5_PrimaryPersistenceSpec$$anonfun$4.apply(Step5_PrimaryPersistenceSpec.scala:84)[0m[0m
[0m[[0minfo[0m] [0m[31m  at org.scalatest.Transformer$$anonfun$apply$1.apply$mcV$sp(Transformer.scala:22)[0m[0m
[0m[[0minfo[0m] [0m[31m  at org.scalatest.OutcomeOf$class.outcomeOf(OutcomeOf.scala:85)[0m[0m
[0m[[0minfo[0m] [0m[31m  at org.scalatest.OutcomeOf$.outcomeOf(OutcomeOf.scala:104)[0m[0m
[0m[[0minfo[0m] [0m[31m  ...[0m[0m
[0m[[0minfo[0m] [0m[31m- case5: Primary acknowledges only after persistence and global acknowledgement *** FAILED ***[0m[0m
[0m[[0minfo[0m] [0m[31m  java.lang.AssertionError: assertion failed: timeout (3 seconds) during expectMsg while waiting for Join[0m[0m
[0m[[0minfo[0m] [0m[31m  at scala.Predef$.assert(Predef.scala:165)[0m[0m
[0m[[0minfo[0m] [0m[31m  at akka.testkit.TestKitBase$class.expectMsg_internal(TestKit.scala:338)[0m[0m
[0m[[0minfo[0m] [0m[31m  at akka.testkit.TestKitBase$class.expectMsg(TestKit.scala:315)[0m[0m
[0m[[0minfo[0m] [0m[31m  at akka.testkit.TestKit.expectMsg(TestKit.scala:718)[0m[0m
[0m[[0minfo[0m] [0m[31m  at kvstore.Step5_PrimaryPersistenceSpec$$anonfun$5.apply$mcV$sp(Step5_PrimaryPersistenceSpec.scala:109)[0m[0m
[0m[[0minfo[0m] [0m[31m  at kvstore.Step5_PrimaryPersistenceSpec$$anonfun$5.apply(Step5_PrimaryPersistenceSpec.scala:102)[0m[0m
[0m[[0minfo[0m] [0m[31m  at kvstore.Step5_PrimaryPersistenceSpec$$anonfun$5.apply(Step5_PrimaryPersistenceSpec.scala:102)[0m[0m
[0m[[0minfo[0m] [0m[31m  at org.scalatest.Transformer$$anonfun$apply$1.apply$mcV$sp(Transformer.scala:22)[0m[0m
[0m[[0minfo[0m] [0m[31m  at org.scalatest.OutcomeOf$class.outcomeOf(OutcomeOf.scala:85)[0m[0m
[0m[[0minfo[0m] [0m[31m  at org.scalatest.OutcomeOf$.outcomeOf(OutcomeOf.scala:104)[0m[0m
[0m[[0minfo[0m] [0m[31m  ...[0m[0m
